build/app/outputs/mapping/release/seeds.txt
com.example.ecommerce.MainActivity: MainActivity()
com.example.ecommerce.MainActivity
...
com.google.android.material.R$dimen: int abc_text_size_body_1_material
androidx.appcompat.R$attr: int keylines
com.firebase.ui.auth.R$layout: int fui_dgts_country_row
com.google.firestore.v1.TargetChange: int targetChangeType_
com.google.android.material.R$color: int bright_foreground_inverse_material_dark
me.zhanghai.android.materialprogressbar.R$string: int abc_menu_meta_shortcut_label
androidx.appcompat.R$style: int Base_Widget_AppCompat_Spinner
com.google.android.material.R$styleable: int MenuView_subMenuArrow
com.firebase.ui.auth.R$attr: int titleMarginStart
me.zhanghai.android.materialprogressbar.R$color: int abc_search_url_text_pressed
com.google.android.material.R$style: int TextAppearance_AppCompat_Widget_ActionBar_Subtitle_Inverse
com.google.android.material.R$styleable: int Toolbar_title
com.google.android.material.R$styleable: int TextInputLayout_errorEnabled
androidx.coordinatorlayout.R$styleable: int GradientColor_android_centerY
com.firebase.ui.auth.R$attr: int logoDescription
me.zhanghai.android.materialprogressbar.R$attr: int listLayout
com.google.protobuf.JavaType: com.google.protobuf.JavaType valueOf(java.lang.String)
com.google.android.material.behavior.HideBottomViewOnScrollBehavior: HideBottomViewOnScrollBehavior()
me.zhanghai.android.materialprogressbar.R$styleable: int StateListDrawable_android_visible
me.zhanghai.android.materialprogressbar.IndeterminateHorizontalProgressDrawable: int PADDED_INTRINSIC_HEIGHT_DP
me.zhanghai.android.materialprogressbar.internal.AnimationScaleListDrawableCompat: AnimationScaleListDrawableCompat(me.zhanghai.android.materialprogressbar.internal.AnimationScaleListDrawableCompat$AnimationScaleListState,android.content.res.Resources)
me.zhanghai.android.materialprogressbar.R$attr: int mpb_showProgressBackground
com.google.android.material.R$styleable: int AppCompatTheme_actionBarTabBarStyle
androidx.appcompat.R$style: int Widget_AppCompat_ActionBar_TabText
io.github.ponnamkarthik.toast.fluttertoast.R$id: int notification_main_column
me.zhanghai.android.materialprogressbar.R$dimen: int compat_button_inset_horizontal_material
androidx.constraintlayout.widget.R$styleable: int ConstraintLayout_Layout_android_orientation
com.google.android.material.R$attr: int imageButtonStyle
com.firebase.ui.auth.viewmodel.OperableViewModel: OperableViewModel(android.app.Application)
com.google.android.material.R$layout: int abc_action_mode_bar
me.zhanghai.android.materialprogressbar.R$styleable: int DrawerArrowToggle_color
androidx.constraintlayout.widget.R$styleable: int ConstraintLayout_Layout_layout_constraintVertical_chainStyle
com.google.android.gms.internal.firebase_auth.zzfr: android.os.Parcelable$Creator CREATOR
com.google.android.gms.measurement.internal.AppMeasurementDynamiteService: void endAdUnitExposure(java.lang.String,long)
com.google.firebase.installations.FirebaseInstallationsRegistrar
me.zhanghai.android.materialprogressbar.BaseProgressDrawable: void setUseIntrinsicPadding(boolean)
com.google.android.material.R$id: int notification_main_column
com.firebase.ui.auth.R$attr: int mpb_indeterminateTintMode
io.flutter.embedding.engine.mutatorsstack.FlutterMutatorView: void setOnDescendantFocusChangeListener(android.view.View$OnFocusChangeListener)
com.google.android.material.internal.NavigationMenuItemView: void setActionView(android.view.View)
me.zhanghai.android.materialprogressbar.R$styleable: int[] AppCompatSeekBar
androidx.appcompat.widget.AppCompatCheckedTextView: void setCheckMarkDrawable(int)
me.zhanghai.android.materialprogressbar.R$dimen: int abc_cascading_menus_min_smallest_width
com.google.firebase.firestore.proto.Target: com.google.protobuf.Timestamp snapshotVersion_
me.zhanghai.android.materialprogressbar.R$integer: int abc_config_activityShortDur
androidx.appcompat.R$style: int Widget_AppCompat_Button_Borderless_Colored
com.firebase.ui.auth.R$styleable: int MaterialComponentsTheme_colorPrimaryDark