build/app/outputs/mapping/release/mapping.txt
# compiler: R8
# compiler_version: 2.0.88
# min_api: 16
# pg_map_id: 76b6bc4
# common_typos_disable
...
com.google.firebase.auth.zzg -> com.google.firebase.auth.f1:
com.google.firebase.auth.zzh -> com.google.firebase.auth.g1:
    com.google.firebase.auth.FirebaseAuth zzb -> d
    com.google.firebase.auth.FirebaseAuth$AuthStateListener zza -> c
com.google.firebase.auth.zzi -> com.google.firebase.auth.h1:
    com.google.firebase.auth.FirebaseAuth zzb -> d
    com.google.firebase.auth.FirebaseAuth$IdTokenListener zza -> c
com.google.firebase.auth.zzj -> com.google.firebase.auth.i1:
    com.google.firebase.auth.FirebaseAuth zza -> c
com.google.firebase.auth.zzk -> com.google.firebase.auth.j1:
    com.google.firebase.auth.FirebaseAuth zzb -> d
    com.google.firebase.internal.InternalTokenResult zza -> c
com.google.firebase.auth.zzl -> com.google.firebase.auth.k1:
    com.google.firebase.auth.PhoneAuthProvider$OnVerificationStateChangedCallbacks zza -> b
    com.google.firebase.auth.FirebaseAuth zzb -> c
    void onCodeAutoRetrievalTimeOut(java.lang.String) -> a
    void onCodeSent(java.lang.String,com.google.firebase.auth.PhoneAuthProvider$ForceResendingToken) -> b
    void onVerificationCompleted(com.google.firebase.auth.PhoneAuthCredential) -> c
    void onVerificationFailed(com.google.firebase.FirebaseException) -> d
com.google.firebase.auth.zzm -> com.google.firebase.auth.l1:
    com.google.firebase.auth.FirebaseAuth zza -> a
    void zza(com.google.android.gms.internal.firebase_auth.zzff,com.google.firebase.auth.FirebaseUser) -> b
    void zza(com.google.android.gms.common.api.Status) -> m
com.google.firebase.auth.zzn -> com.google.firebase.auth.m1:
    com.google.firebase.auth.FirebaseUser zza -> a
    com.google.firebase.auth.FirebaseAuth zzb -> b
    void zza() -> a
    void zza(com.google.android.gms.common.api.Status) -> m
com.google.firebase.auth.zzp -> com.google.firebase.auth.n1:
    com.google.firebase.components.ComponentFactory zza -> a
    java.lang.Object create(com.google.firebase.components.ComponentContainer) -> a
com.google.firebase.auth.zzq -> com.google.firebase.auth.o1:
    com.google.firebase.auth.FirebaseUser zza -> a
    java.lang.Object then(com.google.android.gms.tasks.Task) -> a
com.google.firebase.auth.zzr -> com.google.firebase.auth.p1:
    com.google.firebase.auth.ActionCodeSettings zzb -> b
    com.google.firebase.auth.FirebaseUser zzc -> c
    java.lang.String zza -> a
    java.lang.Object then(com.google.android.gms.tasks.Task) -> a
com.google.firebase.auth.zzs -> com.google.firebase.auth.q1:
    com.google.firebase.auth.ActionCodeSettings zza -> a
    com.google.firebase.auth.FirebaseUser zzb -> b
    java.lang.Object then(com.google.android.gms.tasks.Task) -> a
com.google.firebase.auth.zzt -> com.google.firebase.auth.r1:
com.google.firebase.auth.zzu -> com.google.firebase.auth.s1:
com.google.firebase.auth.zzv -> com.google.firebase.auth.t1:
com.google.firebase.auth.zzw -> com.google.firebase.auth.u1:
com.google.firebase.auth.zzx -> com.google.firebase.auth.v1:
com.google.firebase.auth.zzy -> com.google.firebase.auth.w1:
com.google.firebase.auth.zzz -> com.google.firebase.auth.x1:
com.google.firebase.components.AbstractComponentContainer -> com.google.firebase.components.a:
    java.lang.Object get(java.lang.Class) -> a
    java.util.Set setOf(java.lang.Class) -> b