build/app/outputs/mapping/release/usage.txt
com.example.ecommerce.R
com.example.ecommerce.R$interpolator
com.example.ecommerce.R$id
com.example.ecommerce.R$layout
com.example.ecommerce.R$string
com.example.ecommerce.R$animator
com.example.ecommerce.R$attr
com.example.ecommerce.R$styleable
com.example.ecommerce.R$bool
com.example.ecommerce.R$integer
com.example.ecommerce.R$drawable
com.example.ecommerce.R$dimen
com.example.ecommerce.R$style
com.example.ecommerce.R$plurals
com.example.ecommerce.R$color
com.example.ecommerce.R$mipmap
com.example.ecommerce.R$anim
com.example.ecommerce.BuildConfig
...
com.google.android.gms.common.api.HasApiKey
com.google.gson.internal.bind.TypeAdapters$26$1
com.google.common.cache.AbstractLoadingCache
kotlin.SinceKotlin
io.flutter.view.FlutterView$Provider
androidx.core.app.JobIntentService$WorkEnqueuer
androidx.multidex.MultiDex$V14$ICSElementConstructor
kotlin.sequences.SequencesKt__SequenceBuilderKt
com.google.android.gms.internal.firebase_auth.zzby:
    public final java.lang.String zzb()
androidx.appcompat.app.ToolbarActionBar:
    void <init>(androidx.appcompat.widget.Toolbar,java.lang.CharSequence,android.view.Window$Callback)
    private android.view.Menu getMenu()
    public android.view.Window$Callback getWrappedWindowCallback()
    public void setCustomView(android.view.View)
    public void setCustomView(android.view.View,androidx.appcompat.app.ActionBar$LayoutParams)
    public void setCustomView(int)
    public void setIcon(int)
    public void setIcon(android.graphics.drawable.Drawable)
    public void setLogo(int)
    public void setLogo(android.graphics.drawable.Drawable)
    public void setStackedBackgroundDrawable(android.graphics.drawable.Drawable)
    public void setSplitBackgroundDrawable(android.graphics.drawable.Drawable)
    public void setHomeButtonEnabled(boolean)
    public void setElevation(float)
    public float getElevation()
    public android.content.Context getThemedContext()
    public boolean isTitleTruncated()
    public void setHomeAsUpIndicator(android.graphics.drawable.Drawable)
    public void setHomeAsUpIndicator(int)
    public void setHomeActionContentDescription(java.lang.CharSequence)
    public void setDefaultDisplayHomeAsUpEnabled(boolean)
    public void setHomeActionContentDescription(int)
    public void setShowHideAnimationEnabled(boolean)
    public void onConfigurationChanged(android.content.res.Configuration)
com.google.common.collect.AbstractMultimap$Values
com.google.firestore.v1.Target$Builder:
    public com.google.firestore.v1.Target$TargetTypeCase getTargetTypeCase()
    public com.google.firestore.v1.Target$Builder clearTargetType()
    public com.google.firestore.v1.Target$ResumeTypeCase getResumeTypeCase()
    public com.google.firestore.v1.Target$Builder clearResumeType()
    public boolean hasQuery()
    public com.google.firestore.v1.Target$QueryTarget getQuery()
    public com.google.firestore.v1.Target$Builder setQuery(com.google.firestore.v1.Target$QueryTarget$Builder)
    public com.google.firestore.v1.Target$Builder mergeQuery(com.google.firestore.v1.Target$QueryTarget)
    public com.google.firestore.v1.Target$Builder clearQuery()
    public boolean hasDocuments()
    public com.google.firestore.v1.Target$DocumentsTarget getDocuments()
    public com.google.firestore.v1.Target$Builder setDocuments(com.google.firestore.v1.Target$DocumentsTarget$Builder)
    public com.google.firestore.v1.Target$Builder mergeDocuments(com.google.firestore.v1.Target$DocumentsTarget)
    public com.google.firestore.v1.Target$Builder clearDocuments()
    public com.google.protobuf.ByteString getResumeToken()
    public com.google.firestore.v1.Target$Builder clearResumeToken()
    public boolean hasReadTime()
    public com.google.protobuf.Timestamp getReadTime()
    public com.google.firestore.v1.Target$Builder setReadTime(com.google.protobuf.Timestamp)
io.grpc.inprocess.InProcessTransport$4
com.google.android.gms.internal.firebase_auth.zzhj
com.google.android.material.tabs.TabLayout$SlidingTabIndicator$2
androidx.media.MediaBrowserServiceCompat$MediaBrowserServiceImplApi23$1
io.flutter.embedding.android.AndroidTouchProcessor$PointerChange
com.google.protobuf.Internal$MapAdapter$SetAdapter
androidx.core.hardware.fingerprint.FingerprintManagerCompat$AuthenticationResult